# JRE version: Java(TM) SE Runtime Environment (8.0_91-b15) (build 1.8.0_91-b15)
# Java VM: Java HotSpot(TM) Client VM (25.91-b15 mixed mode windows-x86 )
Heap:
 def new generation   total 29184K, used 20034K [0x03e00000, 0x05da0000, 0x19350000)
  eden space 25984K,  65% used [0x03e00000, 0x04ebdff0, 0x05760000)
  from space 3200K,  90% used [0x05a80000, 0x05d52bc8, 0x05da0000)
  to   space 3200K,   0% used [0x05760000, 0x05760000, 0x05a80000)
 tenured generation   total 64640K, used 47600K [0x19350000, 0x1d270000, 0x43e00000)
   the space 64640K,  73% used [0x19350000, 0x1c1cc070, 0x1c1cc200, 0x1d270000)
 Metaspace       used 46037K, capacity 48053K, committed 48128K, reserved 48512K
GC Heap History (10 events):
Event: 2233.636 GC heap before
{Heap before GC invocations=159 (full 9):
 def new generation   total 29184K, used 27170K [0x03e00000, 0x05da0000, 0x19350000)
  eden space 25984K, 100% used [0x03e00000, 0x05760000, 0x05760000)
  from space 3200K,  37% used [0x05760000, 0x05888a48, 0x05a80000)
  to   space 3200K,   0% used [0x05a80000, 0x05a80000, 0x05da0000)
 tenured generation   total 64640K, used 41089K [0x19350000, 0x1d270000, 0x43e00000)
   the space 64640K,  63% used [0x19350000, 0x1bb70508, 0x1bb70600, 0x1d270000)
 Metaspace       used 45473K, capacity 47277K, committed 47744K, reserved 48512K
Event: 2233.650 GC heap after
Heap after GC invocations=160 (full 9):
 def new generation   total 29184K, used 2250K [0x03e00000, 0x05da0000, 0x19350000)
  eden space 25984K,   0% used [0x03e00000, 0x03e00000, 0x05760000)
  from space 3200K,  70% used [0x05a80000, 0x05cb2898, 0x05da0000)
  to   space 3200K,   0% used [0x05760000, 0x05760000, 0x05a80000)
 tenured generation   total 64640K, used 41089K [0x19350000, 0x1d270000, 0x43e00000)
   the space 64640K,  63% used [0x19350000, 0x1bb70508, 0x1bb70600, 0x1d270000)
 Metaspace       used 45473K, capacity 47277K, committed 47744K, reserved 48512K
}
Event: 2233.889 GC heap before
{Heap before GC invocations=160 (full 9):
 def new generation   total 29184K, used 28234K [0x03e00000, 0x05da0000, 0x19350000)
  eden space 25984K, 100% used [0x03e00000, 0x05760000, 0x05760000)
  from space 3200K,  70% used [0x05a80000, 0x05cb2898, 0x05da0000)
  to   space 3200K,   0% used [0x05760000, 0x05760000, 0x05a80000)
 tenured generation   total 64640K, used 41089K [0x19350000, 0x1d270000, 0x43e00000)
   the space 64640K,  63% used [0x19350000, 0x1bb70508, 0x1bb70600, 0x1d270000)
 Metaspace       used 45511K, capacity 47322K, committed 47744K, reserved 48512K
Event: 2233.910 GC heap after
Heap after GC invocations=161 (full 9):
 def new generation   total 29184K, used 2515K [0x03e00000, 0x05da0000, 0x19350000)
  eden space 25984K,   0% used [0x03e00000, 0x03e00000, 0x05760000)
  from space 3200K,  78% used [0x05760000, 0x059d4c20, 0x05a80000)
  to   space 3200K,   0% used [0x05a80000, 0x05a80000, 0x05da0000)
 tenured generation   total 64640K, used 42265K [0x19350000, 0x1d270000, 0x43e00000)
   the space 64640K,  65% used [0x19350000, 0x1bc965a8, 0x1bc96600, 0x1d270000)
 Metaspace       used 45511K, capacity 47322K, committed 47744K, reserved 48512K
}
Event: 2236.177 GC heap before
{Heap before GC invocations=161 (full 9):
 def new generation   total 29184K, used 28499K [0x03e00000, 0x05da0000, 0x19350000)
  eden space 25984K, 100% used [0x03e00000, 0x05760000, 0x05760000)
  from space 3200K,  78% used [0x05760000, 0x059d4c20, 0x05a80000)
  to   space 3200K,   0% used [0x05a80000, 0x05a80000, 0x05da0000)
 tenured generation   total 64640K, used 42265K [0x19350000, 0x1d270000, 0x43e00000)
   the space 64640K,  65% used [0x19350000, 0x1bc965a8, 0x1bc96600, 0x1d270000)
 Metaspace       used 45959K, capacity 47936K, committed 48000K, reserved 48512K
Event: 2236.205 GC heap after
Heap after GC invocations=162 (full 9):
 def new generation   total 29184K, used 3200K [0x03e00000, 0x05da0000, 0x19350000)
  eden space 25984K,   0% used [0x03e00000, 0x03e00000, 0x05760000)
  from space 3200K, 100% used [0x05a80000, 0x05da0000, 0x05da0000)
  to   space 3200K,   0% used [0x05760000, 0x05760000, 0x05a80000)
 tenured generation   total 64640K, used 44406K [0x19350000, 0x1d270000, 0x43e00000)
   the space 64640K,  68% used [0x19350000, 0x1beadb38, 0x1beadc00, 0x1d270000)
 Metaspace       used 45959K, capacity 47936K, committed 48000K, reserved 48512K
}
Event: 2258.602 GC heap before
{Heap before GC invocations=162 (full 9):
 def new generation   total 29184K, used 29184K [0x03e00000, 0x05da0000, 0x19350000)
  eden space 25984K, 100% used [0x03e00000, 0x05760000, 0x05760000)
  from space 3200K, 100% used [0x05a80000, 0x05da0000, 0x05da0000)
  to   space 3200K,   0% used [0x05760000, 0x05760000, 0x05a80000)
 tenured generation   total 64640K, used 44406K [0x19350000, 0x1d270000, 0x43e00000)
   the space 64640K,  68% used [0x19350000, 0x1beadb38, 0x1beadc00, 0x1d270000)
 Metaspace       used 46017K, capacity 48025K, committed 48128K, reserved 48512K
Event: 2258.678 GC heap after
Heap after GC invocations=163 (full 9):
 def new generation   total 29184K, used 1452K [0x03e00000, 0x05da0000, 0x19350000)
  eden space 25984K,   0% used [0x03e00000, 0x03e00000, 0x05760000)
  from space 3200K,  45% used [0x05760000, 0x058cb020, 0x05a80000)
  to   space 3200K,   0% used [0x05a80000, 0x05a80000, 0x05da0000)
 tenured generation   total 64640K, used 47600K [0x19350000, 0x1d270000, 0x43e00000)
   the space 64640K,  73% used [0x19350000, 0x1c1cc070, 0x1c1cc200, 0x1d270000)
 Metaspace       used 46017K, capacity 48025K, committed 48128K, reserved 48512K
}
Event: 2267.699 GC heap before
{Heap before GC invocations=163 (full 9):
 def new generation   total 29184K, used 27436K [0x03e00000, 0x05da0000, 0x19350000)
  eden space 25984K, 100% used [0x03e00000, 0x05760000, 0x05760000)
  from space 3200K,  45% used [0x05760000, 0x058cb020, 0x05a80000)
  to   space 3200K,   0% used [0x05a80000, 0x05a80000, 0x05da0000)
 tenured generation   total 64640K, used 47600K [0x19350000, 0x1d270000, 0x43e00000)
   the space 64640K,  73% used [0x19350000, 0x1c1cc070, 0x1c1cc200, 0x1d270000)
 Metaspace       used 46030K, capacity 48045K, committed 48128K, reserved 48512K
Event: 2267.728 GC heap after
Heap after GC invocations=164 (full 9):
 def new generation   total 29184K, used 2890K [0x03e00000, 0x05da0000, 0x19350000)
  eden space 25984K,   0% used [0x03e00000, 0x03e00000, 0x05760000)
  from space 3200K,  90% used [0x05a80000, 0x05d52bc8, 0x05da0000)
  to   space 3200K,   0% used [0x05760000, 0x05760000, 0x05a80000)
 tenured generation   total 64640K, used 47600K [0x19350000, 0x1d270000, 0x43e00000)
   the space 64640K,  73% used [0x19350000, 0x1c1cc070, 0x1c1cc200, 0x1d270000)
 Metaspace       used 46030K, capacity 48045K, committed 48128K, reserved 48512K
}

