# JRE version: Java(TM) SE Runtime Environment (8.0_91-b15) (build 1.8.0_91-b15)
# Java VM: Java HotSpot(TM) Client VM (25.91-b15 mixed mode windows-x86 )
Heap:
 def new generation   total 22464K, used 22463K [0x03c00000, 0x05450000, 0x19150000)
  eden space 20032K, 100% used [0x03c00000, 0x04f90000, 0x04f90000)
  from space 2432K,  99% used [0x051f0000, 0x0544fff8, 0x05450000)
  to   space 2432K,   0% used [0x04f90000, 0x04f90000, 0x051f0000)
 tenured generation   total 103872K, used 103871K [0x19150000, 0x1f6c0000, 0x43c00000)
   the space 103872K,  99% used [0x19150000, 0x1f6bfff8, 0x1f6c0000, 0x1f6c0000)
 Metaspace       used 3474K, capacity 3494K, committed 3520K, reserved 4480K
GC Heap History (10 events):
Event: 33.837 GC heap after
Heap after GC invocations=58 (full 7):
 def new generation   total 22464K, used 2317K [0x03c00000, 0x05450000, 0x19150000)
  eden space 20032K,  11% used [0x03c00000, 0x03e436c0, 0x04f90000)
  from space 2432K,   0% used [0x04f90000, 0x04f90000, 0x051f0000)
  to   space 2432K,   0% used [0x051f0000, 0x051f0000, 0x05450000)
 tenured generation   total 91492K, used 91491K [0x19150000, 0x1eaa9000, 0x43c00000)
   the space 91492K,  99% used [0x19150000, 0x1eaa8ff8, 0x1eaa9000, 0x1eaa9000)
 Metaspace       used 3472K, capacity 3494K, committed 3520K, reserved 4480K
}
Event: 34.385 GC heap before
{Heap before GC invocations=58 (full 7):
 def new generation   total 22464K, used 20032K [0x03c00000, 0x05450000, 0x19150000)
  eden space 20032K, 100% used [0x03c00000, 0x04f90000, 0x04f90000)
  from space 2432K,   0% used [0x04f90000, 0x04f90000, 0x051f0000)
  to   space 2432K,   0% used [0x051f0000, 0x051f0000, 0x05450000)
 tenured generation   total 91492K, used 91491K [0x19150000, 0x1eaa9000, 0x43c00000)
   the space 91492K,  99% used [0x19150000, 0x1eaa8ff8, 0x1eaa9000, 0x1eaa9000)
 Metaspace       used 3472K, capacity 3494K, committed 3520K, reserved 4480K
Event: 35.092 GC heap after
Heap after GC invocations=59 (full 8):
 def new generation   total 22464K, used 709K [0x03c00000, 0x05450000, 0x19150000)
  eden space 20032K,   3% used [0x03c00000, 0x03cb14b0, 0x04f90000)
  from space 2432K,   0% used [0x051f0000, 0x051f0000, 0x05450000)
  to   space 2432K,   0% used [0x04f90000, 0x04f90000, 0x051f0000)
 tenured generation   total 94180K, used 94179K [0x19150000, 0x1ed49000, 0x43c00000)
   the space 94180K,  99% used [0x19150000, 0x1ed48ff8, 0x1ed49000, 0x1ed49000)
 Metaspace       used 3472K, capacity 3494K, committed 3520K, reserved 4480K
}
Event: 35.176 GC heap before
{Heap before GC invocations=59 (full 8):
 def new generation   total 22464K, used 20032K [0x03c00000, 0x05450000, 0x19150000)
  eden space 20032K, 100% used [0x03c00000, 0x04f90000, 0x04f90000)
  from space 2432K,   0% used [0x051f0000, 0x051f0000, 0x05450000)
  to   space 2432K,   0% used [0x04f90000, 0x04f90000, 0x051f0000)
 tenured generation   total 94180K, used 94179K [0x19150000, 0x1ed49000, 0x43c00000)
   the space 94180K,  99% used [0x19150000, 0x1ed48ff8, 0x1ed49000, 0x1ed49000)
 Metaspace       used 3472K, capacity 3494K, committed 3520K, reserved 4480K
Event: 35.789 GC heap after
Heap after GC invocations=60 (full 9):
 def new generation   total 22464K, used 2298K [0x03c00000, 0x05450000, 0x19150000)
  eden space 20032K,  11% used [0x03c00000, 0x03e3ea98, 0x04f90000)
  from space 2432K,   0% used [0x04f90000, 0x04f90000, 0x051f0000)
  to   space 2432K,   0% used [0x051f0000, 0x051f0000, 0x05450000)
 tenured generation   total 95204K, used 95200K [0x19150000, 0x1ee49000, 0x43c00000)
   the space 95204K,  99% used [0x19150000, 0x1ee48120, 0x1ee48200, 0x1ee49000)
 Metaspace       used 3472K, capacity 3494K, committed 3520K, reserved 4480K
}
Event: 36.325 GC heap before
{Heap before GC invocations=60 (full 9):
 def new generation   total 22464K, used 20032K [0x03c00000, 0x05450000, 0x19150000)
  eden space 20032K, 100% used [0x03c00000, 0x04f90000, 0x04f90000)
  from space 2432K,   0% used [0x04f90000, 0x04f90000, 0x051f0000)
  to   space 2432K,   0% used [0x051f0000, 0x051f0000, 0x05450000)
 tenured generation   total 95204K, used 95200K [0x19150000, 0x1ee49000, 0x43c00000)
   the space 95204K,  99% used [0x19150000, 0x1ee48120, 0x1ee48200, 0x1ee49000)
 Metaspace       used 3472K, capacity 3494K, committed 3520K, reserved 4480K
Event: 36.956 GC heap after
Heap after GC invocations=61 (full 10):
 def new generation   total 22464K, used 2368K [0x03c00000, 0x05450000, 0x19150000)
  eden space 20032K,  11% used [0x03c00000, 0x03e50150, 0x04f90000)
  from space 2432K,   0% used [0x051f0000, 0x051f0000, 0x05450000)
  to   space 2432K,   0% used [0x04f90000, 0x04f90000, 0x051f0000)
 tenured generation   total 97508K, used 97507K [0x19150000, 0x1f089000, 0x43c00000)
   the space 97508K,  99% used [0x19150000, 0x1f088ff0, 0x1f089000, 0x1f089000)
 Metaspace       used 3472K, capacity 3494K, committed 3520K, reserved 4480K
}
Event: 39.883 GC heap before
{Heap before GC invocations=61 (full 10):
 def new generation   total 22464K, used 20032K [0x03c00000, 0x05450000, 0x19150000)
  eden space 20032K, 100% used [0x03c00000, 0x04f90000, 0x04f90000)
  from space 2432K,   0% used [0x051f0000, 0x051f0000, 0x05450000)
  to   space 2432K,   0% used [0x04f90000, 0x04f90000, 0x051f0000)
 tenured generation   total 97508K, used 97507K [0x19150000, 0x1f089000, 0x43c00000)
   the space 97508K,  99% used [0x19150000, 0x1f088ff0, 0x1f089000, 0x1f089000)
 Metaspace       used 3473K, capacity 3494K, committed 3520K, reserved 4480K
Event: 40.534 GC heap after
Heap after GC invocations=62 (full 11):
 def new generation   total 22464K, used 2307K [0x03c00000, 0x05450000, 0x19150000)
  eden space 20032K,  11% used [0x03c00000, 0x03e40fc8, 0x04f90000)
  from space 2432K,   0% used [0x04f90000, 0x04f90000, 0x051f0000)
  to   space 2432K,   0% used [0x051f0000, 0x051f0000, 0x05450000)
 tenured generation   total 100708K, used 100708K [0x19150000, 0x1f3a9000, 0x43c00000)
   the space 100708K, 100% used [0x19150000, 0x1f3a9000, 0x1f3a9000, 0x1f3a9000)
 Metaspace       used 3473K, capacity 3494K, committed 3520K, reserved 4480K
}
Event: 44.019 GC heap before
{Heap before GC invocations=62 (full 11):
 def new generation   total 22464K, used 20032K [0x03c00000, 0x05450000, 0x19150000)
  eden space 20032K, 100% used [0x03c00000, 0x04f90000, 0x04f90000)
  from space 2432K,   0% used [0x04f90000, 0x04f90000, 0x051f0000)
  to   space 2432K,   0% used [0x051f0000, 0x051f0000, 0x05450000)
 tenured generation   total 100708K, used 100708K [0x19150000, 0x1f3a9000, 0x43c00000)
   the space 100708K, 100% used [0x19150000, 0x1f3a9000, 0x1f3a9000, 0x1f3a9000)
 Metaspace       used 3474K, capacity 3494K, committed 3520K, reserved 4480K

